<?xml version="1.0" encoding="UTF-8"?>
<!-- Generated by org.testng.reporters.JUnitReportReporter -->
<testsuite skipped="0" hostname="SQABOG-TGP2735" name="tests.CaseTests" tests="4" failures="0" timestamp="27 sep 2018 14:13:11 GMT" time="10.413" errors="0">
  <testcase name="loginBootstrap" time="4.775" classname="tests.CaseTests"/>
  <testcase name="menuBootstrap" time="1.121" classname="tests.CaseTests"/>
  <testcase name="registroSistema" time="4.517" classname="tests.CaseTests"/>
  <testcase name="pruebaPosicion" time="0.000" classname="tests.CaseTests"/>
</testsuite> <!-- tests.CaseTests -->
