<?xml version="1.0" encoding="UTF-8"?>
<!-- Generated by org.testng.reporters.JUnitReportReporter -->
<testsuite skipped="0" hostname="SQA-1960" name="tests.CaseTests" tests="3" failures="0" timestamp="10 dic 2018 20:00:39 GMT" time="15.765" errors="0">
  <testcase name="test" time="5.100" classname="tests.CaseTests"/>
  <testcase name="test" time="10.532" classname="tests.CaseTests"/>
  <testcase name="test" time="0.133" classname="tests.CaseTests"/>
</testsuite> <!-- tests.CaseTests -->
