<?xml version="1.0" encoding="UTF-8"?>
<!-- Generated by org.testng.reporters.JUnitReportReporter -->
<testsuite skipped="0" hostname="SQABOG-TGP2735" name="tests.CaseTests" tests="4" failures="0" timestamp="02 oct 2018 20:37:24 GMT" time="16.240" errors="0">
  <testcase name="loginBootstrap" time="8.406" classname="tests.CaseTests"/>
  <testcase name="menuBootstrap" time="2.340" classname="tests.CaseTests"/>
  <testcase name="registroSistema" time="5.494" classname="tests.CaseTests"/>
  <testcase name="pruebaPosicion" time="0.000" classname="tests.CaseTests"/>
</testsuite> <!-- tests.CaseTests -->
