<?xml version="1.0" encoding="UTF-8"?>
<!-- Generated by org.testng.reporters.JUnitReportReporter -->
<testsuite skipped="0" hostname="SQA-1960" name="tests.CaseTests" tests="3" failures="0" timestamp="10 dic 2018 20:51:25 GMT" time="15.027" errors="0">
  <testcase name="test" time="5.066" classname="tests.CaseTests"/>
  <testcase name="test" time="0.097" classname="tests.CaseTests"/>
  <testcase name="test" time="9.864" classname="tests.CaseTests"/>
</testsuite> <!-- tests.CaseTests -->
